<?xml version="1.0" encoding="UTF-8"?>
<!-- Generated by org.testng.reporters.JUnitXMLReporter -->
<testsuite hostname="MRs-MacBook-Pro.lan" ignored="0" name="Command line test" tests="3" failures="0" timestamp="19 Jan 2023 17:01:50 GMT" time="12.252" errors="0">
  <testcase name="validate_removeSingleList" time="4.196" classname="test.TC_03_ValidateRemoveButton_Test"/>
  <testcase name="validate_removeSingleList" time="2.644" classname="test.TC_02_ValidateRemoveItems_Test"/>
  <testcase name="ValidateChackBox" time="5.386" classname="test.TC_01_ValidateCheckBox_Test"/>
</testsuite> <!-- Command line test -->
