<?xml version="1.0" encoding="UTF-8"?>
<!-- Generated by org.testng.reporters.JUnitXMLReporter -->
<testsuite hostname="MRs-MacBook-Pro.lan" ignored="0" name="AddContactTest" tests="3" failures="0" timestamp="19 Jan 2023 17:02:41 GMT" time="12.696" errors="0">
  <testcase name="ValidateChackBox" time="6.249" classname="test.TC_01_ValidateCheckBox_Test"/>
  <testcase name="validate_removeSingleList" time="3.197" classname="test.TC_02_ValidateRemoveItems_Test"/>
  <testcase name="validate_removeSingleList" time="3.204" classname="test.TC_03_ValidateRemoveButton_Test"/>
</testsuite> <!-- AddContactTest -->
