<?xml version="1.0" encoding="UTF-8"?>
<testng-results skipped="0" failed="0" ignored="0" total="3" passed="3">
  <reporter-output>
  </reporter-output>
  <suite name="Command line suite" duration-ms="12252" started-at="2023-01-19T17:01:38Z" finished-at="2023-01-19T17:01:50Z">
    <groups>
    </groups>
    <test name="Command line test" duration-ms="12252" started-at="2023-01-19T17:01:38Z" finished-at="2023-01-19T17:01:50Z">
      <class name="test.TC_01_ValidateCheckBox_Test">
        <test-method status="PASS" signature="ValidateChackBox()[pri:0, instance:test.TC_01_ValidateCheckBox_Test@79b4d0f]" name="ValidateChackBox" duration-ms="5386" started-at="2023-01-19T17:01:45Z" finished-at="2023-01-19T17:01:50Z">
          <reporter-output>
          </reporter-output>
        </test-method> <!-- ValidateChackBox -->
      </class> <!-- test.TC_01_ValidateCheckBox_Test -->
      <class name="test.TC_02_ValidateRemoveItems_Test">
        <test-method status="PASS" signature="validate_removeSingleList()[pri:0, instance:test.TC_02_ValidateRemoveItems_Test@3fb6a447]" name="validate_removeSingleList" duration-ms="2644" started-at="2023-01-19T17:01:42Z" finished-at="2023-01-19T17:01:45Z">
          <reporter-output>
          </reporter-output>
        </test-method> <!-- validate_removeSingleList -->
      </class> <!-- test.TC_02_ValidateRemoveItems_Test -->
      <class name="test.TC_03_ValidateRemoveButton_Test">
        <test-method status="PASS" signature="validate_removeSingleList()[pri:0, instance:test.TC_03_ValidateRemoveButton_Test@7a5d012c]" name="validate_removeSingleList" duration-ms="4196" started-at="2023-01-19T17:01:38Z" finished-at="2023-01-19T17:01:42Z">
          <reporter-output>
          </reporter-output>
        </test-method> <!-- validate_removeSingleList -->
      </class> <!-- test.TC_03_ValidateRemoveButton_Test -->
    </test> <!-- Command line test -->
  </suite> <!-- Command line suite -->
</testng-results>
