<?xml version="1.0" encoding="UTF-8"?>
<testng-results skipped="0" failed="0" ignored="0" total="3" passed="3">
  <reporter-output>
  </reporter-output>
  <suite name="regression" duration-ms="12696" started-at="2023-01-19T17:02:28Z" finished-at="2023-01-19T17:02:41Z">
    <groups>
    </groups>
    <test name="AddContactTest" duration-ms="12696" started-at="2023-01-19T17:02:28Z" finished-at="2023-01-19T17:02:41Z">
      <class name="test.TC_01_ValidateCheckBox_Test">
        <test-method status="PASS" signature="ValidateChackBox()[pri:0, instance:test.TC_01_ValidateCheckBox_Test@7cd62f43]" name="ValidateChackBox" duration-ms="6249" started-at="2023-01-19T17:02:28Z" finished-at="2023-01-19T17:02:34Z">
          <reporter-output>
          </reporter-output>
        </test-method> <!-- ValidateChackBox -->
      </class> <!-- test.TC_01_ValidateCheckBox_Test -->
      <class name="test.TC_02_ValidateRemoveItems_Test">
        <test-method status="PASS" signature="validate_removeSingleList()[pri:0, instance:test.TC_02_ValidateRemoveItems_Test@6d4b1c02]" name="validate_removeSingleList" duration-ms="3197" started-at="2023-01-19T17:02:34Z" finished-at="2023-01-19T17:02:38Z">
          <reporter-output>
          </reporter-output>
        </test-method> <!-- validate_removeSingleList -->
      </class> <!-- test.TC_02_ValidateRemoveItems_Test -->
      <class name="test.TC_03_ValidateRemoveButton_Test">
        <test-method status="PASS" signature="validate_removeSingleList()[pri:0, instance:test.TC_03_ValidateRemoveButton_Test@6093dd95]" name="validate_removeSingleList" duration-ms="3204" started-at="2023-01-19T17:02:38Z" finished-at="2023-01-19T17:02:41Z">
          <reporter-output>
          </reporter-output>
        </test-method> <!-- validate_removeSingleList -->
      </class> <!-- test.TC_03_ValidateRemoveButton_Test -->
    </test> <!-- AddContactTest -->
  </suite> <!-- regression -->
</testng-results>
